[debug] [2021-02-17T07:36:21.484Z] ----------------------------------------------------------------------
[debug] [2021-02-17T07:36:21.487Z] Command:       C:\Program Files\nodejs\node.exe C:\Users\lenovo\AppData\Roaming\npm\node_modules\firebase-tools\lib\bin\firebase.js emulators:start
[debug] [2021-02-17T07:36:21.487Z] CLI Version:   9.3.0
[debug] [2021-02-17T07:36:21.488Z] Platform:      win32
[debug] [2021-02-17T07:36:21.488Z] Node Version:  v12.18.3
[debug] [2021-02-17T07:36:21.489Z] Time:          Wed Feb 17 2021 14:36:21 GMT+0700 (Western Indonesia Time)
[debug] [2021-02-17T07:36:21.489Z] ----------------------------------------------------------------------
[debug] [2021-02-17T07:36:21.490Z] 
[debug] [2021-02-17T07:36:21.503Z] > command requires scopes: ["email","openid","https://www.googleapis.com/auth/cloudplatformprojects.readonly","https://www.googleapis.com/auth/firebase","https://www.googleapis.com/auth/cloud-platform"]
[debug] [2021-02-17T07:36:21.504Z] > authorizing via signed-in user
[info] i  emulators: Starting emulators: functions, hosting {"metadata":{"emulator":{"name":"hub"},"message":"Starting emulators: functions, hosting"}}
[debug] [2021-02-17T07:36:23.585Z] [hub] writing locator at C:\Users\lenovo\AppData\Local\Temp\hub-clone-ab2fb.json
[warn] !  functions: The following emulators are not running, calls to these services from the Functions emulator will affect production: auth, firestore, database, pubsub {"metadata":{"emulator":{"name":"functions"},"message":"The following emulators are not running, calls to these services from the Functions emulator will affect production: \u001b[1mauth, firestore, database, pubsub\u001b[22m"}}
[info] +  functions: Using node@12 from host. {"metadata":{"emulator":{"name":"functions"},"message":"Using node@12 from host."}}
[debug] [2021-02-17T07:36:25.677Z] defaultcredentials: writing to file C:\Users\lenovo\AppData\Roaming\firebase\wyalwy_dev_gmail.com_application_default_credentials.json
[debug] [2021-02-17T07:36:25.683Z] Setting GAC to C:\Users\lenovo\AppData\Roaming\firebase\wyalwy_dev_gmail.com_application_default_credentials.json {"metadata":{"emulator":{"name":"functions"},"message":"Setting GAC to C:\\Users\\lenovo\\AppData\\Roaming\\firebase\\wyalwy_dev_gmail.com_application_default_credentials.json"}}
[debug] [2021-02-17T07:36:25.689Z] > refreshing access token with scopes: []
[debug] [2021-02-17T07:36:25.690Z] >>> HTTP REQUEST POST https://www.googleapis.com/oauth2/v3/token  
 <request body omitted>
[debug] [2021-02-17T07:36:25.825Z] <<< HTTP RESPONSE 200 {"pragma":"no-cache","date":"Wed, 17 Feb 2021 07:36:28 GMT","expires":"Mon, 01 Jan 1990 00:00:00 GMT","cache-control":"no-cache, no-store, max-age=0, must-revalidate","content-type":"application/json; charset=utf-8","vary":"X-Origin, Referer, Origin,Accept-Encoding","server":"scaffolding on HTTPServer2","x-xss-protection":"0","x-frame-options":"SAMEORIGIN","x-content-type-options":"nosniff","alt-svc":"h3-29=\":443\"; ma=2592000,h3-T051=\":443\"; ma=2592000,h3-Q050=\":443\"; ma=2592000,h3-Q046=\":443\"; ma=2592000,h3-Q043=\":443\"; ma=2592000,quic=\":443\"; ma=2592000; v=\"46,43\"","accept-ranges":"none","transfer-encoding":"chunked"}
[debug] [2021-02-17T07:36:25.837Z] >>> [apiv2][query] GET https://firebase.googleapis.com/v1beta1/projects/clone-ab2fb/adminSdkConfig [none]
[debug] [2021-02-17T07:36:26.461Z] <<< [apiv2][status] GET https://firebase.googleapis.com/v1beta1/projects/clone-ab2fb/adminSdkConfig 200
[debug] [2021-02-17T07:36:26.461Z] <<< [apiv2][body] GET https://firebase.googleapis.com/v1beta1/projects/clone-ab2fb/adminSdkConfig {"projectId":"clone-ab2fb","storageBucket":"clone-ab2fb.appspot.com"}
[debug] [2021-02-17T07:36:28.502Z] >>> [apiv2][query] GET https://firebase.googleapis.com/v1beta1/projects/clone-ab2fb/webApps/-/config [none]
[debug] [2021-02-17T07:36:29.727Z] <<< [apiv2][status] GET https://firebase.googleapis.com/v1beta1/projects/clone-ab2fb/webApps/-/config 200
[debug] [2021-02-17T07:36:29.727Z] <<< [apiv2][body] GET https://firebase.googleapis.com/v1beta1/projects/clone-ab2fb/webApps/-/config {"projectId":"clone-ab2fb","appId":"1:256654192172:web:0d17d84cb37f01232eeb89","storageBucket":"clone-ab2fb.appspot.com","apiKey":"AIzaSyDzpMWZTvmqZ-LDy4blMd7L2GIg8nkkrkk","authDomain":"clone-ab2fb.firebaseapp.com","messagingSenderId":"256654192172","measurementId":"G-17QV356DKD"}
[info] i  hosting: Serving hosting files from: build {"metadata":{"emulator":{"name":"hosting"},"message":"Serving hosting files from: \u001b[1mbuild\u001b[22m"}}
[info] +  hosting: Local server: http://localhost:5000 {"metadata":{"emulator":{"name":"hosting"},"message":"Local server: \u001b[4m\u001b[1mhttp://localhost:5000\u001b[22m\u001b[24m"}}
[warn] !  ui: Emulator UI unable to start on port 4000, starting on 4001 instead. {"metadata":{"emulator":{"name":"ui"},"message":"Emulator UI unable to start on port 4000, starting on 4001 instead."}}
[debug] [2021-02-17T07:36:31.808Z] Ignoring unsupported arg: auto_download {"metadata":{"emulator":{"name":"ui"},"message":"Ignoring unsupported arg: auto_download"}}
[debug] [2021-02-17T07:36:31.809Z] Ignoring unsupported arg: port {"metadata":{"emulator":{"name":"ui"},"message":"Ignoring unsupported arg: port"}}
[debug] [2021-02-17T07:36:31.809Z] Starting Emulator UI with command {"binary":"node","args":["C:\\Users\\lenovo\\.cache\\firebase\\emulators\\ui-v1.4.1\\server.bundle.js"],"optionalArgs":[],"joinArgs":false} {"metadata":{"emulator":{"name":"ui"},"message":"Starting Emulator UI with command {\"binary\":\"node\",\"args\":[\"C:\\\\Users\\\\lenovo\\\\.cache\\\\firebase\\\\emulators\\\\ui-v1.4.1\\\\server.bundle.js\"],\"optionalArgs\":[],\"joinArgs\":false}"}}
[info] i  ui: Emulator UI logging to ui-debug.log {"metadata":{"emulator":{"name":"ui"},"message":"Emulator UI logging to \u001b[1mui-debug.log\u001b[22m"}}
[debug] [2021-02-17T07:36:32.024Z] Web / API server started at http://localhost:4001
 {"metadata":{"emulator":{"name":"ui"},"message":"Web / API server started at http://localhost:4001\n"}}
[info] i  functions: Watching "D:\Projects\REACT\amazon-clone\functions" for Cloud Functions... {"metadata":{"emulator":{"name":"functions"},"message":"Watching \"D:\\Projects\\REACT\\amazon-clone\\functions\" for Cloud Functions..."}}
[debug] [2021-02-17T07:36:32.367Z] [worker-pool] addWorker(~diagnostic~) {"metadata":{"emulator":{"name":"functions"},"message":"[worker-pool] addWorker(~diagnostic~)"}}
[debug] [2021-02-17T07:36:32.367Z] [worker-pool] Adding worker with key ~diagnostic~, total=1 {"metadata":{"emulator":{"name":"functions"},"message":"[worker-pool] Adding worker with key ~diagnostic~, total=1"}}
[debug] [2021-02-17T07:36:32.368Z] [worker-pool] submitWork(triggerId=) {"metadata":{"emulator":{"name":"functions"},"message":"[worker-pool] submitWork(triggerId=)"}}
[debug] [2021-02-17T07:36:32.369Z] [worker-~diagnostic~-7b078903-00bd-4e98-8f83-d15f34087a50]: Assigning socketPath: \\?\pipe\D:\Projects\REACT\amazon-clone\functions\12576 {"metadata":{"emulator":{"name":"functions"},"message":"[worker-~diagnostic~-7b078903-00bd-4e98-8f83-d15f34087a50]: Assigning socketPath: \\\\?\\pipe\\D:\\Projects\\REACT\\amazon-clone\\functions\\12576"}}
[debug] [2021-02-17T07:36:32.370Z] [worker-~diagnostic~-7b078903-00bd-4e98-8f83-d15f34087a50]: BUSY {"metadata":{"emulator":{"name":"functions"},"message":"[worker-~diagnostic~-7b078903-00bd-4e98-8f83-d15f34087a50]: BUSY"}}
